<?xml version="1.0" encoding="UTF-8"?>
<Site BuildName="Linux-clang++-11"
	BuildStamp="20220712-0906-Experimental"
	Name="vx6"
	Generator="ctest-3.18.4"
	CompilerName="/usr/bin/clang++-11"
	CompilerVersion="11.0.1"
	OSName="Linux"
	Hostname="vx3"
	OSRelease="4.9.0-18-amd64"
	OSVersion="#1 SMP Debian 4.9.303-1 (2022-03-07)"
	OSPlatform="x86_64"
	Is64Bits="1"
	VendorString="GenuineIntel"
	VendorID="Intel Corporation"
	FamilyID="6"
	ModelID="79"
	ProcessorCacheSize="35840"
	NumberOfLogicalCPU="56"
	NumberOfPhysicalCPU="28"
	TotalVirtualMemory="0"
	TotalPhysicalMemory="257838"
	LogicalProcessorsPerPhysical="2"
	ProcessorClockFrequency="2149.66"
	>
	<Testing>
		<StartDateTime>Jul 12 22:44 AEST</StartDateTime>
		<StartTestTime>1657629885</StartTestTime>
		<TestList>
			<Test>./test/euclidean_vector/test.euclidean_vector_getter_setters_tests</Test>
			<Test>./test/euclidean_vector/test.euclidean_vector_friend_function_tests</Test>
			<Test>./test/euclidean_vector/test.euclidean_vector_member_function_tests</Test>
			<Test>./test/euclidean_vector/test.euclidean_vector_constructor_tests</Test>
		</TestList>
		<Test Status="passed">
			<Name>test.euclidean_vector_getter_setters_tests</Name>
			<Path>./test/euclidean_vector</Path>
			<FullName>./test/euclidean_vector/test.euclidean_vector_getter_setters_tests</FullName>
			<FullCommandLine>/tmp_amd/adams/export/adams/3/z5164744/Desktop/COMP6771/ass2/build/test/euclidean_vector/euclidean_vector_getter_setters_tests</FullCommandLine>
			<Results>
				<NamedMeasurement type="numeric/double" name="Execution Time">
					<Value>0.0724789</Value>
				</NamedMeasurement>
				<NamedMeasurement type="numeric/double" name="Processors">
					<Value>1</Value>
				</NamedMeasurement>
				<NamedMeasurement type="text/string" name="Completion Status">
					<Value>Completed</Value>
				</NamedMeasurement>
				<NamedMeasurement type="text/string" name="Command Line">
					<Value>/tmp_amd/adams/export/adams/3/z5164744/Desktop/COMP6771/ass2/build/test/euclidean_vector/euclidean_vector_getter_setters_tests</Value>
				</NamedMeasurement>
				<NamedMeasurement type="text/string" name="Environment">
					<Value>#CTEST_RESOURCE_GROUP_COUNT=</Value>
				</NamedMeasurement>
				<Measurement>
					<Value encoding="base64" compression="gzip">eJyztaUq4HLMyVEoSS0uKVYoSCwuTk1R0DAyUQCxikoy8/OKFTLzFIzAChSSE4tTizW5uABvkSOY====</Value>
				</Measurement>
			</Results>
		</Test>
		<Test Status="passed">
			<Name>test.euclidean_vector_friend_function_tests</Name>
			<Path>./test/euclidean_vector</Path>
			<FullName>./test/euclidean_vector/test.euclidean_vector_friend_function_tests</FullName>
			<FullCommandLine>/tmp_amd/adams/export/adams/3/z5164744/Desktop/COMP6771/ass2/build/test/euclidean_vector/euclidean_vector_friend_function_tests</FullCommandLine>
			<Results>
				<NamedMeasurement type="numeric/double" name="Execution Time">
					<Value>0.0876704</Value>
				</NamedMeasurement>
				<NamedMeasurement type="numeric/double" name="Processors">
					<Value>1</Value>
				</NamedMeasurement>
				<NamedMeasurement type="text/string" name="Completion Status">
					<Value>Completed</Value>
				</NamedMeasurement>
				<NamedMeasurement type="text/string" name="Command Line">
					<Value>/tmp_amd/adams/export/adams/3/z5164744/Desktop/COMP6771/ass2/build/test/euclidean_vector/euclidean_vector_friend_function_tests</Value>
				</NamedMeasurement>
				<NamedMeasurement type="text/string" name="Environment">
					<Value>#CTEST_RESOURCE_GROUP_COUNT=</Value>
				</NamedMeasurement>
				<Measurement>
					<Value encoding="base64" compression="gzip">eJyztaUq4HLMyVEoSS0uKVYoSCwuTk1R0DAyNlIAMYtKMvPzihUy8xQswSoUkhOLU4s1ubgAj4Aj0A==</Value>
				</Measurement>
			</Results>
		</Test>
		<Test Status="passed">
			<Name>test.euclidean_vector_member_function_tests</Name>
			<Path>./test/euclidean_vector</Path>
			<FullName>./test/euclidean_vector/test.euclidean_vector_member_function_tests</FullName>
			<FullCommandLine>/tmp_amd/adams/export/adams/3/z5164744/Desktop/COMP6771/ass2/build/test/euclidean_vector/euclidean_vector_member_function_tests</FullCommandLine>
			<Results>
				<NamedMeasurement type="numeric/double" name="Execution Time">
					<Value>0.0914236</Value>
				</NamedMeasurement>
				<NamedMeasurement type="numeric/double" name="Processors">
					<Value>1</Value>
				</NamedMeasurement>
				<NamedMeasurement type="text/string" name="Completion Status">
					<Value>Completed</Value>
				</NamedMeasurement>
				<NamedMeasurement type="text/string" name="Command Line">
					<Value>/tmp_amd/adams/export/adams/3/z5164744/Desktop/COMP6771/ass2/build/test/euclidean_vector/euclidean_vector_member_function_tests</Value>
				</NamedMeasurement>
				<NamedMeasurement type="text/string" name="Environment">
					<Value>#CTEST_RESOURCE_GROUP_COUNT=</Value>
				</NamedMeasurement>
				<Measurement>
					<Value encoding="base64" compression="gzip">eJyztaUq4HLMyVEoSS0uKVYoSCwuTk1R0DA0M1cAMYtKMvPzihUy8xQMDcBKFJITi1OLNbm4ALI1I/8=</Value>
				</Measurement>
			</Results>
		</Test>
		<Test Status="passed">
			<Name>test.euclidean_vector_constructor_tests</Name>
			<Path>./test/euclidean_vector</Path>
			<FullName>./test/euclidean_vector/test.euclidean_vector_constructor_tests</FullName>
			<FullCommandLine>/tmp_amd/adams/export/adams/3/z5164744/Desktop/COMP6771/ass2/build/test/euclidean_vector/euclidean_vector_constructor_tests</FullCommandLine>
			<Results>
				<NamedMeasurement type="numeric/double" name="Execution Time">
					<Value>0.103629</Value>
				</NamedMeasurement>
				<NamedMeasurement type="numeric/double" name="Processors">
					<Value>1</Value>
				</NamedMeasurement>
				<NamedMeasurement type="text/string" name="Completion Status">
					<Value>Completed</Value>
				</NamedMeasurement>
				<NamedMeasurement type="text/string" name="Command Line">
					<Value>/tmp_amd/adams/export/adams/3/z5164744/Desktop/COMP6771/ass2/build/test/euclidean_vector/euclidean_vector_constructor_tests</Value>
				</NamedMeasurement>
				<NamedMeasurement type="text/string" name="Environment">
					<Value>#CTEST_RESOURCE_GROUP_COUNT=</Value>
				</NamedMeasurement>
				<Measurement>
					<Value encoding="base64" compression="gzip">eJyztaUq4HLMyVEoSS0uKVYoSCwuTk1R0DA0MFMAMYtKMvPzihUy8xTMwSoUkhOLU4s1ubgAj10jzg==</Value>
				</Measurement>
			</Results>
		</Test>
		<EndDateTime>Jul 12 22:44 AEST</EndDateTime>
		<EndTestTime>1657629885</EndTestTime>
		<ElapsedMinutes>0</ElapsedMinutes>
	</Testing>
</Site>
